TN:
SF:app.js
FNF:0
FNH:0
DA:8,2
DA:10,2
DA:12,2
DA:15,2
DA:26,2
DA:27,2
DA:29,2
LF:7
LH:7
BRF:0
BRH:0
end_of_record
TN:
SF:controller\EssController.js
FN:59,(anonymous_0)
FNF:1
FNH:1
FNDA:1,(anonymous_0)
DA:60,1
DA:61,1
DA:63,1
DA:64,0
DA:65,0
DA:69,1
DA:70,1
DA:74,1
DA:75,1
DA:78,1
DA:80,1
DA:85,1
DA:89,0
DA:91,1
DA:92,1
LF:15
LH:12
BRDA:63,0,0,0
BRDA:63,0,1,1
BRF:2
BRH:1
end_of_record
TN:
SF:controller\JWTController.js
FN:29,(anonymous_0)
FNF:1
FNH:1
FNDA:1,(anonymous_0)
DA:30,1
DA:31,1
DA:38,1
DA:39,1
DA:40,1
DA:42,0
LF:6
LH:5
BRF:0
BRH:0
end_of_record
TN:
SF:controller\LidarController.js
FN:14,(anonymous_0)
FN:26,(anonymous_1)
FN:41,(anonymous_2)
FN:65,(anonymous_3)
FN:66,(anonymous_4)
FN:84,(anonymous_5)
FN:103,(anonymous_6)
FN:125,(anonymous_7)
FN:184,(anonymous_8)
FNF:9
FNH:5
FNDA:1,(anonymous_0)
FNDA:0,(anonymous_1)
FNDA:1,(anonymous_2)
FNDA:1,(anonymous_3)
FNDA:1,(anonymous_4)
FNDA:1,(anonymous_5)
FNDA:0,(anonymous_6)
FNDA:0,(anonymous_7)
FNDA:0,(anonymous_8)
DA:12,1
DA:14,1
DA:16,1
DA:17,1
DA:18,1
DA:19,1
DA:20,1
DA:21,1
DA:22,1
DA:27,0
DA:28,0
DA:29,0
DA:30,0
DA:31,0
DA:32,0
DA:33,0
DA:37,0
DA:38,0
DA:42,1
DA:43,1
DA:44,1
DA:50,1
DA:53,1
DA:54,1
DA:57,1
DA:60,1
DA:62,1
DA:65,1
DA:66,1
DA:67,1
DA:68,1
DA:69,1
DA:73,1
DA:75,0
DA:76,0
DA:78,1
DA:79,1
DA:80,1
DA:87,1
DA:89,1
DA:91,1
DA:93,1
DA:94,0
DA:95,0
DA:97,1
DA:99,0
DA:100,0
DA:106,0
DA:108,0
DA:111,0
DA:112,0
DA:115,0
DA:117,0
DA:119,0
DA:126,0
DA:127,0
DA:187,0
DA:188,0
DA:189,0
DA:191,0
LF:60
LH:32
BRDA:31,0,0,0
BRDA:31,0,1,0
BRDA:31,1,0,0
BRDA:31,1,1,0
BRDA:79,2,0,1
BRDA:79,2,1,0
BRDA:93,3,0,0
BRDA:93,3,1,1
BRDA:117,4,0,0
BRDA:117,4,1,0
BRDA:126,5,0,0
BRDA:126,5,1,0
BRF:12
BRH:2
end_of_record
TN:
SF:controller\MqttFlowController.js
FN:10,(anonymous_0)
FN:21,(anonymous_1)
FN:23,(anonymous_2)
FN:28,(anonymous_3)
FN:49,(anonymous_4)
FN:52,(anonymous_5)
FN:55,(anonymous_6)
FN:62,(anonymous_7)
FNF:8
FNH:6
FNDA:4,(anonymous_0)
FNDA:1,(anonymous_1)
FNDA:0,(anonymous_2)
FNDA:1,(anonymous_3)
FNDA:1,(anonymous_4)
FNDA:1,(anonymous_5)
FNDA:0,(anonymous_6)
FNDA:1,(anonymous_7)
DA:12,4
DA:13,4
DA:18,4
DA:23,1
DA:24,0
DA:28,1
DA:30,1
DA:33,1
DA:35,1
DA:38,1
DA:40,1
DA:43,1
DA:49,1
DA:50,1
DA:53,1
DA:56,0
DA:57,0
DA:62,1
DA:63,1
DA:64,1
LF:20
LH:17
BRF:0
BRH:0
end_of_record
TN:
SF:controller\SkysailsController.js
FN:6,(anonymous_0)
FNF:1
FNH:1
FNDA:1,(anonymous_0)
DA:8,1
DA:9,1
DA:10,1
DA:18,1
DA:21,1
DA:24,1
DA:25,1
DA:29,1
DA:30,0
DA:32,0
LF:10
LH:8
BRDA:29,0,0,0
BRDA:29,0,1,1
BRDA:29,1,0,1
BRDA:29,1,1,0
BRF:4
BRH:2
end_of_record
TN:
SF:controller\WeatherController.js
FN:5,(anonymous_0)
FN:26,(anonymous_1)
FN:30,(anonymous_2)
FN:31,(anonymous_3)
FNF:4
FNH:0
FNDA:0,(anonymous_0)
FNDA:0,(anonymous_1)
FNDA:0,(anonymous_2)
FNDA:0,(anonymous_3)
DA:6,0
DA:7,0
DA:12,0
DA:15,0
DA:18,0
DA:19,0
DA:20,0
DA:24,0
DA:25,0
DA:26,0
DA:30,0
DA:31,0
DA:43,0
DA:44,0
DA:48,0
DA:51,0
DA:52,0
DA:54,0
LF:18
LH:0
BRDA:18,0,0,0
BRDA:18,0,1,0
BRDA:18,1,0,0
BRDA:18,1,1,0
BRF:4
BRH:0
end_of_record
TN:
SF:influxDB\model\EssInfluxModel.js
FN:6,(anonymous_0)
FNF:1
FNH:1
FNDA:1,(anonymous_0)
DA:7,1
DA:8,1
DA:9,1
LF:3
LH:3
BRF:0
BRH:0
end_of_record
TN:
SF:influxDB\model\Model.js
FN:14,(anonymous_0)
FN:45,(anonymous_1)
FN:67,(anonymous_2)
FN:72,(anonymous_3)
FN:76,(anonymous_4)
FN:90,(anonymous_5)
FN:99,(anonymous_6)
FNF:7
FNH:5
FNDA:3,(anonymous_0)
FNDA:0,(anonymous_1)
FNDA:2,(anonymous_2)
FNDA:2,(anonymous_3)
FNDA:4,(anonymous_4)
FNDA:2,(anonymous_5)
FNDA:0,(anonymous_6)
DA:11,3
DA:15,3
DA:16,1
DA:19,2
DA:20,2
DA:21,2
DA:22,2
DA:25,2
DA:29,2
DA:34,2
DA:36,2
DA:37,2
DA:42,2
DA:46,0
DA:47,0
DA:49,0
DA:50,0
DA:52,0
DA:53,0
DA:55,0
DA:56,0
DA:58,0
DA:59,0
DA:62,0
DA:63,0
DA:70,2
DA:72,2
DA:73,2
DA:76,2
DA:77,4
DA:78,0
DA:80,4
DA:84,2
DA:91,2
DA:92,2
DA:94,0
DA:96,2
DA:100,0
DA:101,0
DA:102,0
DA:104,0
LF:41
LH:23
BRDA:15,0,0,1
BRDA:15,0,1,2
BRDA:47,1,0,0
BRDA:47,1,1,0
BRDA:47,1,2,0
BRDA:47,1,3,0
BRDA:47,1,4,0
BRDA:77,2,0,0
BRDA:77,2,1,4
BRF:9
BRH:3
end_of_record
TN:
SF:influxDB\model\SkysailsInfluxModel.js
FN:5,(anonymous_0)
FNF:1
FNH:1
FNDA:2,(anonymous_0)
DA:6,2
DA:7,2
DA:8,2
LF:3
LH:3
BRF:0
BRH:0
end_of_record
TN:
SF:middleware\jwtmiddleware.js
FN:4,(anonymous_0)
FN:11,(anonymous_1)
FNF:2
FNH:2
FNDA:1,(anonymous_0)
FNDA:1,(anonymous_1)
DA:4,2
DA:6,1
DA:7,1
DA:9,1
DA:11,1
DA:12,1
DA:13,1
DA:14,1
DA:16,0
DA:19,0
DA:20,0
LF:11
LH:8
BRDA:12,0,0,1
BRDA:12,0,1,0
BRF:2
BRH:1
end_of_record
TN:
SF:postgresqlDB\databases.js
FNF:0
FNH:0
DA:3,5
DA:5,5
LF:2
LH:2
BRF:0
BRH:0
end_of_record
TN:
SF:postgresqlDB\model\LightningPostgreModel.js
FNF:0
FNH:0
DA:4,0
LF:1
LH:0
BRF:0
BRH:0
end_of_record
TN:
SF:postgresqlDB\model\danfossPCSPostgreModel.js
FNF:0
FNH:0
DA:4,2
LF:1
LH:1
BRF:0
BRH:0
end_of_record
TN:
SF:postgresqlDB\model\essEticaBMSPostgreModel.js
FNF:0
FNH:0
DA:4,2
LF:1
LH:1
BRF:0
BRH:0
end_of_record
TN:
SF:postgresqlDB\model\lidarWindPostgreModel.js
FNF:0
FNH:0
DA:4,1
LF:1
LH:1
BRF:0
BRH:0
end_of_record
TN:
SF:postgresqlDB\model\skysailsPostgreModel.js
FNF:0
FNH:0
DA:4,2
LF:1
LH:1
BRF:0
BRH:0
end_of_record
TN:
SF:postgresqlDB\model\weatherInfoPostgreModel.js
FNF:0
FNH:0
DA:4,0
LF:1
LH:0
BRF:0
BRH:0
end_of_record
TN:
SF:router\router.js
FNF:0
FNH:0
DA:4,2
DA:11,2
DA:14,2
DA:15,2
LF:4
LH:4
BRF:0
BRH:0
end_of_record
TN:
SF:utility\processJson.js
FN:4,(anonymous_0)
FN:16,(anonymous_1)
FNF:2
FNH:2
FNDA:1,(anonymous_0)
FNDA:1,(anonymous_1)
DA:2,2
DA:4,2
DA:5,1
DA:6,3
DA:7,3
DA:8,0
DA:10,3
DA:13,1
DA:16,2
DA:17,1
DA:18,1
DA:19,3
DA:20,0
DA:22,3
DA:25,1
LF:15
LH:13
BRDA:4,0,0,1
BRDA:4,1,0,1
BRDA:6,2,0,0
BRDA:6,2,1,3
BRDA:7,3,0,0
BRDA:7,3,1,3
BRDA:7,4,0,3
BRDA:7,4,1,0
BRDA:7,4,2,0
BRDA:19,5,0,0
BRDA:19,5,1,3
BRDA:22,6,0,1
BRDA:22,6,1,2
BRF:13
BRH:8
end_of_record
TN:
SF:utility\api\http.js
FN:4,(anonymous_0)
FN:7,(anonymous_1)
FN:16,(anonymous_2)
FN:22,(anonymous_3)
FN:24,(anonymous_4)
FN:38,(anonymous_5)
FNF:6
FNH:0
FNDA:0,(anonymous_0)
FNDA:0,(anonymous_1)
FNDA:0,(anonymous_2)
FNDA:0,(anonymous_3)
FNDA:0,(anonymous_4)
FNDA:0,(anonymous_5)
DA:5,0
DA:8,0
DA:16,0
DA:17,0
DA:18,0
DA:22,0
DA:23,0
DA:24,0
DA:26,0
DA:27,0
DA:28,0
DA:29,0
DA:32,0
DA:33,0
DA:41,0
LF:15
LH:0
BRDA:17,0,0,0
BRDA:17,0,1,0
BRDA:22,1,0,0
BRDA:28,2,0,0
BRDA:28,2,1,0
BRF:5
BRH:0
end_of_record
TN:
SF:utility\logger\logger.js
FN:7,(anonymous_0)
FN:24,(anonymous_1)
FNF:2
FNH:0
FNDA:0,(anonymous_0)
FNDA:0,(anonymous_1)
DA:4,6
DA:7,0
DA:10,6
DA:18,6
DA:24,0
LF:5
LH:3
BRDA:24,0,0,0
BRDA:24,0,1,0
BRF:2
BRH:0
end_of_record
TN:
SF:utility\weather\authentication.js
FN:3,(anonymous_0)
FNF:1
FNH:0
FNDA:0,(anonymous_0)
DA:1,0
DA:3,0
DA:4,0
DA:5,0
DA:6,0
DA:7,0
DA:8,0
DA:11,0
DA:14,0
DA:16,0
DA:19,0
LF:11
LH:0
BRF:0
BRH:0
end_of_record
TN:
SF:utility\weather\lightning.js
FN:7,(anonymous_0)
FN:23,(anonymous_1)
FNF:2
FNH:0
FNDA:0,(anonymous_0)
FNDA:0,(anonymous_1)
DA:4,0
DA:6,0
DA:8,0
DA:19,0
DA:21,0
DA:24,0
LF:6
LH:0
BRF:0
BRH:0
end_of_record
